<?xml version="1.0" encoding="UTF-8"?>
<testng-results skipped="0" failed="0" total="1" passed="1">
  <reporter-output>
  </reporter-output>
  <suite name="Suite" duration-ms="13412" started-at="2016-08-06T08:48:25Z" finished-at="2016-08-06T08:48:38Z">
    <groups>
    </groups>
    <test name="Test" duration-ms="13412" started-at="2016-08-06T08:48:25Z" finished-at="2016-08-06T08:48:38Z">
      <class name="com.qspiders.jenkins.DemoA">
        <test-method status="PASS" signature="test()[pri:0, instance:com.qspiders.jenkins.DemoA@27082746]" name="test" duration-ms="13394" started-at="2016-08-06T14:18:25Z" finished-at="2016-08-06T14:18:38Z">
          <reporter-output>
          </reporter-output>
        </test-method> <!-- test -->
      </class> <!-- com.qspiders.jenkins.DemoA -->
    </test> <!-- Test -->
  </suite> <!-- Suite -->
</testng-results>
