<?xml version="1.0" encoding="UTF-8"?>
<testng-results skipped="0" failed="0" total="1" passed="1">
  <reporter-output>
  </reporter-output>
  <suite name="Default suite" duration-ms="50" started-at="2016-08-13T12:48:11Z" finished-at="2016-08-13T12:48:11Z">
    <groups>
    </groups>
    <test name="Default test" duration-ms="50" started-at="2016-08-13T12:48:11Z" finished-at="2016-08-13T12:48:11Z">
      <class name="com.qspiders.jenkins.DemoC">
        <test-method status="PASS" signature="extnreports()[pri:0, instance:com.qspiders.jenkins.DemoC@25359ed8]" name="extnreports" duration-ms="24" started-at="2016-08-13T18:18:11Z" finished-at="2016-08-13T18:18:11Z">
          <reporter-output>
          </reporter-output>
        </test-method> <!-- extnreports -->
      </class> <!-- com.qspiders.jenkins.DemoC -->
    </test> <!-- Default test -->
  </suite> <!-- Default suite -->
</testng-results>
